
**** Build of configuration Debug for project F28027_ARegularPWM ****

"C:\\ti\\ccsv6\\utils\\bin\\gmake" -k all 
'Building file: ../ADC.c'
'Invoking: C2000 Compiler'
"C:/ti/ccsv6/tools/compiler/ti-cgt-c2000_15.12.1.LTS/bin/cl2000" -v28 -mt -ml --include_path="C:/Git/ResampledPWM_EB/F28027_ARegularPWM/DSP2802x_common/include" --include_path="C:/Git/ResampledPWM_EB/F28027_ARegularPWM/DSP2802x_headers/include" --include_path="C:/Git/ResampledPWM_EB/F28027_ARegularPWM/DSP2802x_common/source" --include_path="C:/ti/ccsv6/tools/compiler/ti-cgt-c2000_15.12.1.LTS/include" -g --diag_warning=225 --display_error_number --diag_wrap=off --preproc_with_compile --preproc_dependency="ADC.d"  "../ADC.c"
'Finished building: ../ADC.c'
' '
'Building file: ../CMPA_calc.c'
'Invoking: C2000 Compiler'
"C:/ti/ccsv6/tools/compiler/ti-cgt-c2000_15.12.1.LTS/bin/cl2000" -v28 -mt -ml --include_path="C:/Git/ResampledPWM_EB/F28027_ARegularPWM/DSP2802x_common/include" --include_path="C:/Git/ResampledPWM_EB/F28027_ARegularPWM/DSP2802x_headers/include" --include_path="C:/Git/ResampledPWM_EB/F28027_ARegularPWM/DSP2802x_common/source" --include_path="C:/ti/ccsv6/tools/compiler/ti-cgt-c2000_15.12.1.LTS/include" -g --diag_warning=225 --display_error_number --diag_wrap=off --preproc_with_compile --preproc_dependency="CMPA_calc.d"  "../CMPA_calc.c"
"../CMPA_calc.c", line 35: warning #179-D: variable "swCTRDIR" was declared but never referenced
"../CMPA_calc.c", line 36: warning #179-D: variable "swTBCTR" was declared but never referenced
"../CMPA_calc.c", line 37: warning #179-D: variable "CMPA_value" was declared but never referenced
'Finished building: ../CMPA_calc.c'
' '
'Building file: ../main.c'
'Invoking: C2000 Compiler'
"C:/ti/ccsv6/tools/compiler/ti-cgt-c2000_15.12.1.LTS/bin/cl2000" -v28 -mt -ml --include_path="C:/Git/ResampledPWM_EB/F28027_ARegularPWM/DSP2802x_common/include" --include_path="C:/Git/ResampledPWM_EB/F28027_ARegularPWM/DSP2802x_headers/include" --include_path="C:/Git/ResampledPWM_EB/F28027_ARegularPWM/DSP2802x_common/source" --include_path="C:/ti/ccsv6/tools/compiler/ti-cgt-c2000_15.12.1.LTS/include" -g --diag_warning=225 --display_error_number --diag_wrap=off --preproc_with_compile --preproc_dependency="main.d"  "../main.c"
'Finished building: ../main.c'
' '
'Building file: ../pwm.c'
'Invoking: C2000 Compiler'
"C:/ti/ccsv6/tools/compiler/ti-cgt-c2000_15.12.1.LTS/bin/cl2000" -v28 -mt -ml --include_path="C:/Git/ResampledPWM_EB/F28027_ARegularPWM/DSP2802x_common/include" --include_path="C:/Git/ResampledPWM_EB/F28027_ARegularPWM/DSP2802x_headers/include" --include_path="C:/Git/ResampledPWM_EB/F28027_ARegularPWM/DSP2802x_common/source" --include_path="C:/ti/ccsv6/tools/compiler/ti-cgt-c2000_15.12.1.LTS/include" -g --diag_warning=225 --display_error_number --diag_wrap=off --preproc_with_compile --preproc_dependency="pwm.d"  "../pwm.c"
'Finished building: ../pwm.c'
' '
'Building file: ../timer.c'
'Invoking: C2000 Compiler'
"C:/ti/ccsv6/tools/compiler/ti-cgt-c2000_15.12.1.LTS/bin/cl2000" -v28 -mt -ml --include_path="C:/Git/ResampledPWM_EB/F28027_ARegularPWM/DSP2802x_common/include" --include_path="C:/Git/ResampledPWM_EB/F28027_ARegularPWM/DSP2802x_headers/include" --include_path="C:/Git/ResampledPWM_EB/F28027_ARegularPWM/DSP2802x_common/source" --include_path="C:/ti/ccsv6/tools/compiler/ti-cgt-c2000_15.12.1.LTS/include" -g --diag_warning=225 --display_error_number --diag_wrap=off --preproc_with_compile --preproc_dependency="timer.d"  "../timer.c"
'Finished building: ../timer.c'
' '
'Building file: ../DSP2802x_common/source/DSP2802x_Adc.c'
'Invoking: C2000 Compiler'
"C:/ti/ccsv6/tools/compiler/ti-cgt-c2000_15.12.1.LTS/bin/cl2000" -v28 -mt -ml --include_path="C:/Git/ResampledPWM_EB/F28027_ARegularPWM/DSP2802x_common/include" --include_path="C:/Git/ResampledPWM_EB/F28027_ARegularPWM/DSP2802x_headers/include" --include_path="C:/Git/ResampledPWM_EB/F28027_ARegularPWM/DSP2802x_common/source" --include_path="C:/ti/ccsv6/tools/compiler/ti-cgt-c2000_15.12.1.LTS/include" -g --diag_warning=225 --display_error_number --diag_wrap=off --preproc_with_compile --preproc_dependency="DSP2802x_common/source/DSP2802x_Adc.d" --obj_directory="DSP2802x_common/source"  "../DSP2802x_common/source/DSP2802x_Adc.c"
'Finished building: ../DSP2802x_common/source/DSP2802x_Adc.c'
' '
'Building file: ../DSP2802x_common/source/DSP2802x_CSMPasswords.asm'
'Invoking: C2000 Compiler'
"C:/ti/ccsv6/tools/compiler/ti-cgt-c2000_15.12.1.LTS/bin/cl2000" -v28 -mt -ml --include_path="C:/Git/ResampledPWM_EB/F28027_ARegularPWM/DSP2802x_common/include" --include_path="C:/Git/ResampledPWM_EB/F28027_ARegularPWM/DSP2802x_headers/include" --include_path="C:/Git/ResampledPWM_EB/F28027_ARegularPWM/DSP2802x_common/source" --include_path="C:/ti/ccsv6/tools/compiler/ti-cgt-c2000_15.12.1.LTS/include" -g --diag_warning=225 --display_error_number --diag_wrap=off --preproc_with_compile --preproc_dependency="DSP2802x_common/source/DSP2802x_CSMPasswords.d" --obj_directory="DSP2802x_common/source"  "../DSP2802x_common/source/DSP2802x_CSMPasswords.asm"
'Finished building: ../DSP2802x_common/source/DSP2802x_CSMPasswords.asm'
' '
'Building file: ../DSP2802x_common/source/DSP2802x_CodeStartBranch.asm'
'Invoking: C2000 Compiler'
"C:/ti/ccsv6/tools/compiler/ti-cgt-c2000_15.12.1.LTS/bin/cl2000" -v28 -mt -ml --include_path="C:/Git/ResampledPWM_EB/F28027_ARegularPWM/DSP2802x_common/include" --include_path="C:/Git/ResampledPWM_EB/F28027_ARegularPWM/DSP2802x_headers/include" --include_path="C:/Git/ResampledPWM_EB/F28027_ARegularPWM/DSP2802x_common/source" --include_path="C:/ti/ccsv6/tools/compiler/ti-cgt-c2000_15.12.1.LTS/include" -g --diag_warning=225 --display_error_number --diag_wrap=off --preproc_with_compile --preproc_dependency="DSP2802x_common/source/DSP2802x_CodeStartBranch.d" --obj_directory="DSP2802x_common/source"  "../DSP2802x_common/source/DSP2802x_CodeStartBranch.asm"
'Finished building: ../DSP2802x_common/source/DSP2802x_CodeStartBranch.asm'
' '
'Building file: ../DSP2802x_common/source/DSP2802x_Comp.c'
'Invoking: C2000 Compiler'
"C:/ti/ccsv6/tools/compiler/ti-cgt-c2000_15.12.1.LTS/bin/cl2000" -v28 -mt -ml --include_path="C:/Git/ResampledPWM_EB/F28027_ARegularPWM/DSP2802x_common/include" --include_path="C:/Git/ResampledPWM_EB/F28027_ARegularPWM/DSP2802x_headers/include" --include_path="C:/Git/ResampledPWM_EB/F28027_ARegularPWM/DSP2802x_common/source" --include_path="C:/ti/ccsv6/tools/compiler/ti-cgt-c2000_15.12.1.LTS/include" -g --diag_warning=225 --display_error_number --diag_wrap=off --preproc_with_compile --preproc_dependency="DSP2802x_common/source/DSP2802x_Comp.d" --obj_directory="DSP2802x_common/source"  "../DSP2802x_common/source/DSP2802x_Comp.c"
'Finished building: ../DSP2802x_common/source/DSP2802x_Comp.c'
' '
'Building file: ../DSP2802x_common/source/DSP2802x_CpuTimers.c'
'Invoking: C2000 Compiler'
"C:/ti/ccsv6/tools/compiler/ti-cgt-c2000_15.12.1.LTS/bin/cl2000" -v28 -mt -ml --include_path="C:/Git/ResampledPWM_EB/F28027_ARegularPWM/DSP2802x_common/include" --include_path="C:/Git/ResampledPWM_EB/F28027_ARegularPWM/DSP2802x_headers/include" --include_path="C:/Git/ResampledPWM_EB/F28027_ARegularPWM/DSP2802x_common/source" --include_path="C:/ti/ccsv6/tools/compiler/ti-cgt-c2000_15.12.1.LTS/include" -g --diag_warning=225 --display_error_number --diag_wrap=off --preproc_with_compile --preproc_dependency="DSP2802x_common/source/DSP2802x_CpuTimers.d" --obj_directory="DSP2802x_common/source"  "../DSP2802x_common/source/DSP2802x_CpuTimers.c"
'Finished building: ../DSP2802x_common/source/DSP2802x_CpuTimers.c'
' '
'Building file: ../DSP2802x_common/source/DSP2802x_DBGIER.asm'
'Invoking: C2000 Compiler'
"C:/ti/ccsv6/tools/compiler/ti-cgt-c2000_15.12.1.LTS/bin/cl2000" -v28 -mt -ml --include_path="C:/Git/ResampledPWM_EB/F28027_ARegularPWM/DSP2802x_common/include" --include_path="C:/Git/ResampledPWM_EB/F28027_ARegularPWM/DSP2802x_headers/include" --include_path="C:/Git/ResampledPWM_EB/F28027_ARegularPWM/DSP2802x_common/source" --include_path="C:/ti/ccsv6/tools/compiler/ti-cgt-c2000_15.12.1.LTS/include" -g --diag_warning=225 --display_error_number --diag_wrap=off --preproc_with_compile --preproc_dependency="DSP2802x_common/source/DSP2802x_DBGIER.d" --obj_directory="DSP2802x_common/source"  "../DSP2802x_common/source/DSP2802x_DBGIER.asm"
'Finished building: ../DSP2802x_common/source/DSP2802x_DBGIER.asm'
' '
'Building file: ../DSP2802x_common/source/DSP2802x_DisInt.asm'
'Invoking: C2000 Compiler'
"C:/ti/ccsv6/tools/compiler/ti-cgt-c2000_15.12.1.LTS/bin/cl2000" -v28 -mt -ml --include_path="C:/Git/ResampledPWM_EB/F28027_ARegularPWM/DSP2802x_common/include" --include_path="C:/Git/ResampledPWM_EB/F28027_ARegularPWM/DSP2802x_headers/include" --include_path="C:/Git/ResampledPWM_EB/F28027_ARegularPWM/DSP2802x_common/source" --include_path="C:/ti/ccsv6/tools/compiler/ti-cgt-c2000_15.12.1.LTS/include" -g --diag_warning=225 --display_error_number --diag_wrap=off --preproc_with_compile --preproc_dependency="DSP2802x_common/source/DSP2802x_DisInt.d" --obj_directory="DSP2802x_common/source"  "../DSP2802x_common/source/DSP2802x_DisInt.asm"
'Finished building: ../DSP2802x_common/source/DSP2802x_DisInt.asm'
' '
'Building file: ../DSP2802x_common/source/DSP2802x_ECap.c'
'Invoking: C2000 Compiler'
"C:/ti/ccsv6/tools/compiler/ti-cgt-c2000_15.12.1.LTS/bin/cl2000" -v28 -mt -ml --include_path="C:/Git/ResampledPWM_EB/F28027_ARegularPWM/DSP2802x_common/include" --include_path="C:/Git/ResampledPWM_EB/F28027_ARegularPWM/DSP2802x_headers/include" --include_path="C:/Git/ResampledPWM_EB/F28027_ARegularPWM/DSP2802x_common/source" --include_path="C:/ti/ccsv6/tools/compiler/ti-cgt-c2000_15.12.1.LTS/include" -g --diag_warning=225 --display_error_number --diag_wrap=off --preproc_with_compile --preproc_dependency="DSP2802x_common/source/DSP2802x_ECap.d" --obj_directory="DSP2802x_common/source"  "../DSP2802x_common/source/DSP2802x_ECap.c"
'Finished building: ../DSP2802x_common/source/DSP2802x_ECap.c'
' '
'Building file: ../DSP2802x_common/source/DSP2802x_EPwm.c'
'Invoking: C2000 Compiler'
"C:/ti/ccsv6/tools/compiler/ti-cgt-c2000_15.12.1.LTS/bin/cl2000" -v28 -mt -ml --include_path="C:/Git/ResampledPWM_EB/F28027_ARegularPWM/DSP2802x_common/include" --include_path="C:/Git/ResampledPWM_EB/F28027_ARegularPWM/DSP2802x_headers/include" --include_path="C:/Git/ResampledPWM_EB/F28027_ARegularPWM/DSP2802x_common/source" --include_path="C:/ti/ccsv6/tools/compiler/ti-cgt-c2000_15.12.1.LTS/include" -g --diag_warning=225 --display_error_number --diag_wrap=off --preproc_with_compile --preproc_dependency="DSP2802x_common/source/DSP2802x_EPwm.d" --obj_directory="DSP2802x_common/source"  "../DSP2802x_common/source/DSP2802x_EPwm.c"
'Finished building: ../DSP2802x_common/source/DSP2802x_EPwm.c'
' '
'Building file: ../DSP2802x_common/source/DSP2802x_Gpio.c'
'Invoking: C2000 Compiler'
"C:/ti/ccsv6/tools/compiler/ti-cgt-c2000_15.12.1.LTS/bin/cl2000" -v28 -mt -ml --include_path="C:/Git/ResampledPWM_EB/F28027_ARegularPWM/DSP2802x_common/include" --include_path="C:/Git/ResampledPWM_EB/F28027_ARegularPWM/DSP2802x_headers/include" --include_path="C:/Git/ResampledPWM_EB/F28027_ARegularPWM/DSP2802x_common/source" --include_path="C:/ti/ccsv6/tools/compiler/ti-cgt-c2000_15.12.1.LTS/include" -g --diag_warning=225 --display_error_number --diag_wrap=off --preproc_with_compile --preproc_dependency="DSP2802x_common/source/DSP2802x_Gpio.d" --obj_directory="DSP2802x_common/source"  "../DSP2802x_common/source/DSP2802x_Gpio.c"
'Finished building: ../DSP2802x_common/source/DSP2802x_Gpio.c'
' '
'Building file: ../DSP2802x_common/source/DSP2802x_I2C.c'
'Invoking: C2000 Compiler'
"C:/ti/ccsv6/tools/compiler/ti-cgt-c2000_15.12.1.LTS/bin/cl2000" -v28 -mt -ml --include_path="C:/Git/ResampledPWM_EB/F28027_ARegularPWM/DSP2802x_common/include" --include_path="C:/Git/ResampledPWM_EB/F28027_ARegularPWM/DSP2802x_headers/include" --include_path="C:/Git/ResampledPWM_EB/F28027_ARegularPWM/DSP2802x_common/source" --include_path="C:/ti/ccsv6/tools/compiler/ti-cgt-c2000_15.12.1.LTS/include" -g --diag_warning=225 --display_error_number --diag_wrap=off --preproc_with_compile --preproc_dependency="DSP2802x_common/source/DSP2802x_I2C.d" --obj_directory="DSP2802x_common/source"  "../DSP2802x_common/source/DSP2802x_I2C.c"
'Finished building: ../DSP2802x_common/source/DSP2802x_I2C.c'
' '
'Building file: ../DSP2802x_common/source/DSP2802x_MemCopy.c'
'Invoking: C2000 Compiler'
"C:/ti/ccsv6/tools/compiler/ti-cgt-c2000_15.12.1.LTS/bin/cl2000" -v28 -mt -ml --include_path="C:/Git/ResampledPWM_EB/F28027_ARegularPWM/DSP2802x_common/include" --include_path="C:/Git/ResampledPWM_EB/F28027_ARegularPWM/DSP2802x_headers/include" --include_path="C:/Git/ResampledPWM_EB/F28027_ARegularPWM/DSP2802x_common/source" --include_path="C:/ti/ccsv6/tools/compiler/ti-cgt-c2000_15.12.1.LTS/include" -g --diag_warning=225 --display_error_number --diag_wrap=off --preproc_with_compile --preproc_dependency="DSP2802x_common/source/DSP2802x_MemCopy.d" --obj_directory="DSP2802x_common/source"  "../DSP2802x_common/source/DSP2802x_MemCopy.c"
'Finished building: ../DSP2802x_common/source/DSP2802x_MemCopy.c'
' '
'Building file: ../DSP2802x_common/source/DSP2802x_OscComp.c'
'Invoking: C2000 Compiler'
"C:/ti/ccsv6/tools/compiler/ti-cgt-c2000_15.12.1.LTS/bin/cl2000" -v28 -mt -ml --include_path="C:/Git/ResampledPWM_EB/F28027_ARegularPWM/DSP2802x_common/include" --include_path="C:/Git/ResampledPWM_EB/F28027_ARegularPWM/DSP2802x_headers/include" --include_path="C:/Git/ResampledPWM_EB/F28027_ARegularPWM/DSP2802x_common/source" --include_path="C:/ti/ccsv6/tools/compiler/ti-cgt-c2000_15.12.1.LTS/include" -g --diag_warning=225 --display_error_number --diag_wrap=off --preproc_with_compile --preproc_dependency="DSP2802x_common/source/DSP2802x_OscComp.d" --obj_directory="DSP2802x_common/source"  "../DSP2802x_common/source/DSP2802x_OscComp.c"
'Finished building: ../DSP2802x_common/source/DSP2802x_OscComp.c'
' '
'Building file: ../DSP2802x_common/source/DSP2802x_PieCtrl.c'
'Invoking: C2000 Compiler'
"C:/ti/ccsv6/tools/compiler/ti-cgt-c2000_15.12.1.LTS/bin/cl2000" -v28 -mt -ml --include_path="C:/Git/ResampledPWM_EB/F28027_ARegularPWM/DSP2802x_common/include" --include_path="C:/Git/ResampledPWM_EB/F28027_ARegularPWM/DSP2802x_headers/include" --include_path="C:/Git/ResampledPWM_EB/F28027_ARegularPWM/DSP2802x_common/source" --include_path="C:/ti/ccsv6/tools/compiler/ti-cgt-c2000_15.12.1.LTS/include" -g --diag_warning=225 --display_error_number --diag_wrap=off --preproc_with_compile --preproc_dependency="DSP2802x_common/source/DSP2802x_PieCtrl.d" --obj_directory="DSP2802x_common/source"  "../DSP2802x_common/source/DSP2802x_PieCtrl.c"
'Finished building: ../DSP2802x_common/source/DSP2802x_PieCtrl.c'
' '
'Building file: ../DSP2802x_common/source/DSP2802x_SWPrioritizedDefaultIsr.c'
'Invoking: C2000 Compiler'
"C:/ti/ccsv6/tools/compiler/ti-cgt-c2000_15.12.1.LTS/bin/cl2000" -v28 -mt -ml --include_path="C:/Git/ResampledPWM_EB/F28027_ARegularPWM/DSP2802x_common/include" --include_path="C:/Git/ResampledPWM_EB/F28027_ARegularPWM/DSP2802x_headers/include" --include_path="C:/Git/ResampledPWM_EB/F28027_ARegularPWM/DSP2802x_common/source" --include_path="C:/ti/ccsv6/tools/compiler/ti-cgt-c2000_15.12.1.LTS/include" -g --diag_warning=225 --display_error_number --diag_wrap=off --preproc_with_compile --preproc_dependency="DSP2802x_common/source/DSP2802x_SWPrioritizedDefaultIsr.d" --obj_directory="DSP2802x_common/source"  "../DSP2802x_common/source/DSP2802x_SWPrioritizedDefaultIsr.c"
'Finished building: ../DSP2802x_common/source/DSP2802x_SWPrioritizedDefaultIsr.c'
' '
'Building file: ../DSP2802x_common/source/DSP2802x_SWPrioritizedPieVect.c'
'Invoking: C2000 Compiler'
"C:/ti/ccsv6/tools/compiler/ti-cgt-c2000_15.12.1.LTS/bin/cl2000" -v28 -mt -ml --include_path="C:/Git/ResampledPWM_EB/F28027_ARegularPWM/DSP2802x_common/include" --include_path="C:/Git/ResampledPWM_EB/F28027_ARegularPWM/DSP2802x_headers/include" --include_path="C:/Git/ResampledPWM_EB/F28027_ARegularPWM/DSP2802x_common/source" --include_path="C:/ti/ccsv6/tools/compiler/ti-cgt-c2000_15.12.1.LTS/include" -g --diag_warning=225 --display_error_number --diag_wrap=off --preproc_with_compile --preproc_dependency="DSP2802x_common/source/DSP2802x_SWPrioritizedPieVect.d" --obj_directory="DSP2802x_common/source"  "../DSP2802x_common/source/DSP2802x_SWPrioritizedPieVect.c"
'Finished building: ../DSP2802x_common/source/DSP2802x_SWPrioritizedPieVect.c'
' '
'Building file: ../DSP2802x_common/source/DSP2802x_Sci.c'
'Invoking: C2000 Compiler'
"C:/ti/ccsv6/tools/compiler/ti-cgt-c2000_15.12.1.LTS/bin/cl2000" -v28 -mt -ml --include_path="C:/Git/ResampledPWM_EB/F28027_ARegularPWM/DSP2802x_common/include" --include_path="C:/Git/ResampledPWM_EB/F28027_ARegularPWM/DSP2802x_headers/include" --include_path="C:/Git/ResampledPWM_EB/F28027_ARegularPWM/DSP2802x_common/source" --include_path="C:/ti/ccsv6/tools/compiler/ti-cgt-c2000_15.12.1.LTS/include" -g --diag_warning=225 --display_error_number --diag_wrap=off --preproc_with_compile --preproc_dependency="DSP2802x_common/source/DSP2802x_Sci.d" --obj_directory="DSP2802x_common/source"  "../DSP2802x_common/source/DSP2802x_Sci.c"
'Finished building: ../DSP2802x_common/source/DSP2802x_Sci.c'
' '
'Building file: ../DSP2802x_common/source/DSP2802x_Spi.c'
'Invoking: C2000 Compiler'
"C:/ti/ccsv6/tools/compiler/ti-cgt-c2000_15.12.1.LTS/bin/cl2000" -v28 -mt -ml --include_path="C:/Git/ResampledPWM_EB/F28027_ARegularPWM/DSP2802x_common/include" --include_path="C:/Git/ResampledPWM_EB/F28027_ARegularPWM/DSP2802x_headers/include" --include_path="C:/Git/ResampledPWM_EB/F28027_ARegularPWM/DSP2802x_common/source" --include_path="C:/ti/ccsv6/tools/compiler/ti-cgt-c2000_15.12.1.LTS/include" -g --diag_warning=225 --display_error_number --diag_wrap=off --preproc_with_compile --preproc_dependency="DSP2802x_common/source/DSP2802x_Spi.d" --obj_directory="DSP2802x_common/source"  "../DSP2802x_common/source/DSP2802x_Spi.c"
'Finished building: ../DSP2802x_common/source/DSP2802x_Spi.c'
' '
'Building file: ../DSP2802x_common/source/DSP2802x_SysCtrl.c'
'Invoking: C2000 Compiler'
"C:/ti/ccsv6/tools/compiler/ti-cgt-c2000_15.12.1.LTS/bin/cl2000" -v28 -mt -ml --include_path="C:/Git/ResampledPWM_EB/F28027_ARegularPWM/DSP2802x_common/include" --include_path="C:/Git/ResampledPWM_EB/F28027_ARegularPWM/DSP2802x_headers/include" --include_path="C:/Git/ResampledPWM_EB/F28027_ARegularPWM/DSP2802x_common/source" --include_path="C:/ti/ccsv6/tools/compiler/ti-cgt-c2000_15.12.1.LTS/include" -g --diag_warning=225 --display_error_number --diag_wrap=off --preproc_with_compile --preproc_dependency="DSP2802x_common/source/DSP2802x_SysCtrl.d" --obj_directory="DSP2802x_common/source"  "../DSP2802x_common/source/DSP2802x_SysCtrl.c"
'Finished building: ../DSP2802x_common/source/DSP2802x_SysCtrl.c'
' '
'Building file: ../DSP2802x_common/source/DSP2802x_TempSensorConv.c'
'Invoking: C2000 Compiler'
"C:/ti/ccsv6/tools/compiler/ti-cgt-c2000_15.12.1.LTS/bin/cl2000" -v28 -mt -ml --include_path="C:/Git/ResampledPWM_EB/F28027_ARegularPWM/DSP2802x_common/include" --include_path="C:/Git/ResampledPWM_EB/F28027_ARegularPWM/DSP2802x_headers/include" --include_path="C:/Git/ResampledPWM_EB/F28027_ARegularPWM/DSP2802x_common/source" --include_path="C:/ti/ccsv6/tools/compiler/ti-cgt-c2000_15.12.1.LTS/include" -g --diag_warning=225 --display_error_number --diag_wrap=off --preproc_with_compile --preproc_dependency="DSP2802x_common/source/DSP2802x_TempSensorConv.d" --obj_directory="DSP2802x_common/source"  "../DSP2802x_common/source/DSP2802x_TempSensorConv.c"
'Finished building: ../DSP2802x_common/source/DSP2802x_TempSensorConv.c'
' '
'Building file: ../DSP2802x_common/source/DSP2802x_usDelay.asm'
'Invoking: C2000 Compiler'
"C:/ti/ccsv6/tools/compiler/ti-cgt-c2000_15.12.1.LTS/bin/cl2000" -v28 -mt -ml --include_path="C:/Git/ResampledPWM_EB/F28027_ARegularPWM/DSP2802x_common/include" --include_path="C:/Git/ResampledPWM_EB/F28027_ARegularPWM/DSP2802x_headers/include" --include_path="C:/Git/ResampledPWM_EB/F28027_ARegularPWM/DSP2802x_common/source" --include_path="C:/ti/ccsv6/tools/compiler/ti-cgt-c2000_15.12.1.LTS/include" -g --diag_warning=225 --display_error_number --diag_wrap=off --preproc_with_compile --preproc_dependency="DSP2802x_common/source/DSP2802x_usDelay.d" --obj_directory="DSP2802x_common/source"  "../DSP2802x_common/source/DSP2802x_usDelay.asm"
'Finished building: ../DSP2802x_common/source/DSP2802x_usDelay.asm'
' '
'Building file: ../DSP2802x_headers/source/DSP2802x_GlobalVariableDefs.c'
'Invoking: C2000 Compiler'
"C:/ti/ccsv6/tools/compiler/ti-cgt-c2000_15.12.1.LTS/bin/cl2000" -v28 -mt -ml --include_path="C:/Git/ResampledPWM_EB/F28027_ARegularPWM/DSP2802x_common/include" --include_path="C:/Git/ResampledPWM_EB/F28027_ARegularPWM/DSP2802x_headers/include" --include_path="C:/Git/ResampledPWM_EB/F28027_ARegularPWM/DSP2802x_common/source" --include_path="C:/ti/ccsv6/tools/compiler/ti-cgt-c2000_15.12.1.LTS/include" -g --diag_warning=225 --display_error_number --diag_wrap=off --preproc_with_compile --preproc_dependency="DSP2802x_headers/source/DSP2802x_GlobalVariableDefs.d" --obj_directory="DSP2802x_headers/source"  "../DSP2802x_headers/source/DSP2802x_GlobalVariableDefs.c"
'Finished building: ../DSP2802x_headers/source/DSP2802x_GlobalVariableDefs.c'
' '
'Building target: F28027_ARegularPWM.out'
'Invoking: C2000 Linker'
"C:/ti/ccsv6/tools/compiler/ti-cgt-c2000_15.12.1.LTS/bin/cl2000" -v28 -mt -ml -g --diag_warning=225 --display_error_number --diag_wrap=off -z -m"F28027_ARegularPWM.map" --stack_size=0x300 --warn_sections -i"C:/ti/ccsv6/tools/compiler/ti-cgt-c2000_15.12.1.LTS/lib" -i"C:/ti/controlSUITE/device_support/f2802x/v129/DSP2802x_headers/cmd" -i"C:/ti/ccsv6/tools/compiler/ti-cgt-c2000_15.12.1.LTS/include" --reread_libs --diag_wrap=off --display_error_number --xml_link_info="F28027_ARegularPWM_linkInfo.xml" --rom_model -o "F28027_ARegularPWM.out" "./ADC.obj" "./CMPA_calc.obj" "./main.obj" "./pwm.obj" "./timer.obj" "./DSP2802x_common/source/DSP2802x_Adc.obj" "./DSP2802x_common/source/DSP2802x_CSMPasswords.obj" "./DSP2802x_common/source/DSP2802x_CodeStartBranch.obj" "./DSP2802x_common/source/DSP2802x_Comp.obj" "./DSP2802x_common/source/DSP2802x_CpuTimers.obj" "./DSP2802x_common/source/DSP2802x_DBGIER.obj" "./DSP2802x_common/source/DSP2802x_DisInt.obj" "./DSP2802x_common/source/DSP2802x_ECap.obj" "./DSP2802x_common/source/DSP2802x_EPwm.obj" "./DSP2802x_common/source/DSP2802x_Gpio.obj" "./DSP2802x_common/source/DSP2802x_I2C.obj" "./DSP2802x_common/source/DSP2802x_MemCopy.obj" "./DSP2802x_common/source/DSP2802x_OscComp.obj" "./DSP2802x_common/source/DSP2802x_PieCtrl.obj" "./DSP2802x_common/source/DSP2802x_SWPrioritizedDefaultIsr.obj" "./DSP2802x_common/source/DSP2802x_SWPrioritizedPieVect.obj" "./DSP2802x_common/source/DSP2802x_Sci.obj" "./DSP2802x_common/source/DSP2802x_Spi.obj" "./DSP2802x_common/source/DSP2802x_SysCtrl.obj" "./DSP2802x_common/source/DSP2802x_TempSensorConv.obj" "./DSP2802x_common/source/DSP2802x_usDelay.obj" "./DSP2802x_headers/source/DSP2802x_GlobalVariableDefs.obj" "../28027_RAM_lnk.cmd" "../DSP2802x_Headers_nonBIOS.cmd"  -llibc.a 
<Linking>
warning #10247-D: creating output section "csmpasswds" without a SECTIONS specification
warning #10247-D: creating output section "csm_rsvd" without a SECTIONS specification
'Finished building target: F28027_ARegularPWM.out'
' '

**** Build Finished ****
