
**** Build of configuration Debug for project F28027_ResampledPWM_FOH ****

<<<<<<< Updated upstream
"C:\\ti\\ccsv6\\utils\\bin\\gmake" -k all 
'Building file: ../timer.c'
'Invoking: C2000 Compiler'
"C:/ti/ccsv6/tools/compiler/ti-cgt-c2000_15.12.1.LTS/bin/cl2000" -v28 -ml -mt --include_path="C:/Git/ResampledPWM_EB/F28027_ResampledPWM_FOH/DSP2802x_common/include" --include_path="C:/Git/ResampledPWM_EB/F28027_ResampledPWM_FOH/DSP2802x_headers/include" --include_path="C:/Git/ResampledPWM_EB/F28027_ResampledPWM_FOH/DSP2802x_common/source" --include_path="C:/ti/ccsv6/tools/compiler/ti-cgt-c2000_15.12.1.LTS/include" -g --display_error_number --diag_warning=225 --diag_wrap=off --preproc_with_compile --preproc_dependency="timer.d"  "../timer.c"
'Finished building: ../timer.c'
' '
'Building target: F28027_ResampledPWM_FOH.out'
'Invoking: C2000 Linker'
"C:/ti/ccsv6/tools/compiler/ti-cgt-c2000_15.12.1.LTS/bin/cl2000" -v28 -ml -mt -g --display_error_number --diag_warning=225 --diag_wrap=off -z -m"F28027_ResampledPWM_FOH.map" --stack_size=0x300 --warn_sections -i"C:/ti/ccsv6/tools/compiler/ti-cgt-c2000_15.12.1.LTS/lib" -i"C:/ti/controlSUITE/device_support/f2802x/v129/DSP2802x_headers/cmd" -i"C:/ti/ccsv6/tools/compiler/ti-cgt-c2000_15.12.1.LTS/include" --reread_libs --diag_wrap=off --display_error_number --xml_link_info="F28027_ResampledPWM_FOH_linkInfo.xml" --rom_model -o "F28027_ResampledPWM_FOH.out" "./main.obj" "./pwm.obj" "./timer.obj" "./DSP2802x_common/source/DSP2802x_Adc.obj" "./DSP2802x_common/source/DSP2802x_CSMPasswords.obj" "./DSP2802x_common/source/DSP2802x_CodeStartBranch.obj" "./DSP2802x_common/source/DSP2802x_Comp.obj" "./DSP2802x_common/source/DSP2802x_CpuTimers.obj" "./DSP2802x_common/source/DSP2802x_DBGIER.obj" "./DSP2802x_common/source/DSP2802x_DisInt.obj" "./DSP2802x_common/source/DSP2802x_ECap.obj" "./DSP2802x_common/source/DSP2802x_EPwm.obj" "./DSP2802x_common/source/DSP2802x_Gpio.obj" "./DSP2802x_common/source/DSP2802x_I2C.obj" "./DSP2802x_common/source/DSP2802x_MemCopy.obj" "./DSP2802x_common/source/DSP2802x_OscComp.obj" "./DSP2802x_common/source/DSP2802x_PieCtrl.obj" "./DSP2802x_common/source/DSP2802x_SWPrioritizedDefaultIsr.obj" "./DSP2802x_common/source/DSP2802x_SWPrioritizedPieVect.obj" "./DSP2802x_common/source/DSP2802x_Sci.obj" "./DSP2802x_common/source/DSP2802x_Spi.obj" "./DSP2802x_common/source/DSP2802x_SysCtrl.obj" "./DSP2802x_common/source/DSP2802x_TempSensorConv.obj" "./DSP2802x_common/source/DSP2802x_usDelay.obj" "./DSP2802x_headers/source/DSP2802x_GlobalVariableDefs.obj" "../28027_RAM_lnk.cmd"  -llibc.a 
<Linking>
warning #10247-D: creating output section "csmpasswds" without a SECTIONS specification
warning #10247-D: creating output section "csm_rsvd" without a SECTIONS specification
warning #10247-D: creating output section "EmuKeyVar" without a SECTIONS specification
warning #10247-D: creating output section "PartIdRegsFile" without a SECTIONS specification
warning #10247-D: creating output section "EmuBModeVar" without a SECTIONS specification
warning #10247-D: creating output section "FlashScalingVar" without a SECTIONS specification
warning #10247-D: creating output section "FlashCallbackVar" without a SECTIONS specification
warning #10247-D: creating output section "SysPwrCtrlRegsFile" without a SECTIONS specification
warning #10247-D: creating output section "DevEmuRegsFile" without a SECTIONS specification
warning #10247-D: creating output section "FlashRegsFile" without a SECTIONS specification
warning #10247-D: creating output section "CpuTimer0RegsFile" without a SECTIONS specification
warning #10247-D: creating output section "CpuTimer1RegsFile" without a SECTIONS specification
warning #10247-D: creating output section "CpuTimer2RegsFile" without a SECTIONS specification
warning #10247-D: creating output section "CsmPwlFile" without a SECTIONS specification
warning #10247-D: creating output section "GpioIntRegsFile" without a SECTIONS specification
warning #10247-D: creating output section "SpiaRegsFile" without a SECTIONS specification
warning #10247-D: creating output section "SciaRegsFile" without a SECTIONS specification
warning #10247-D: creating output section "NmiIntruptRegsFile" without a SECTIONS specification
warning #10247-D: creating output section "CsmRegsFile" without a SECTIONS specification
warning #10247-D: creating output section "XIntruptRegsFile" without a SECTIONS specification
warning #10247-D: creating output section "Comp2RegsFile" without a SECTIONS specification
warning #10247-D: creating output section "Comp1RegsFile" without a SECTIONS specification
warning #10247-D: creating output section "PieCtrlRegsFile" without a SECTIONS specification
warning #10247-D: creating output section "SysCtrlRegsFile" without a SECTIONS specification
warning #10247-D: creating output section "GpioDataRegsFile" without a SECTIONS specification
warning #10247-D: creating output section "ECap1RegsFile" without a SECTIONS specification
warning #10247-D: creating output section "AdcResultFile" without a SECTIONS specification
warning #10247-D: creating output section "I2caRegsFile" without a SECTIONS specification
warning #10247-D: creating output section "EPwm3RegsFile" without a SECTIONS specification
warning #10247-D: creating output section "EPwm2RegsFile" without a SECTIONS specification
warning #10247-D: creating output section "EPwm4RegsFile" without a SECTIONS specification
warning #10247-D: creating output section "EPwm1RegsFile" without a SECTIONS specification
warning #10247-D: creating output section "GpioCtrlRegsFile" without a SECTIONS specification
warning #10247-D: creating output section "AdcRegsFile" without a SECTIONS specification
warning #10247-D: creating output section "PieVectTableFile" without a SECTIONS specification
'Finished building target: F28027_ResampledPWM_FOH.out'
' '
=======
"C:\\ti\\ccsv7\\utils\\bin\\gmake" -k all 
gmake: Nothing to be done for 'all'.
>>>>>>> Stashed changes

**** Build Finished ****
